Determining if the pthread_create exist failed with the following output:
Change Dir: /home/aleqsandr/Bureau/DungeonMaster/build/CMakeFiles/CMakeTmp

Run Build Command:"/usr/bin/make" "cmTryCompileExec2725166098/fast"
/usr/bin/make -f CMakeFiles/cmTryCompileExec2725166098.dir/build.make CMakeFiles/cmTryCompileExec2725166098.dir/build
make[1]: Entering directory '/home/aleqsandr/Bureau/DungeonMaster/build/CMakeFiles/CMakeTmp'
/usr/bin/cmake -E cmake_progress_report /home/aleqsandr/Bureau/DungeonMaster/build/CMakeFiles/CMakeTmp/CMakeFiles 1
Building C object CMakeFiles/cmTryCompileExec2725166098.dir/CheckSymbolExists.c.o
/usr/bin/cc    -o CMakeFiles/cmTryCompileExec2725166098.dir/CheckSymbolExists.c.o   -c /home/aleqsandr/Bureau/DungeonMaster/build/CMakeFiles/CMakeTmp/CheckSymbolExists.c
Linking C executable cmTryCompileExec2725166098
/usr/bin/cmake -E cmake_link_script CMakeFiles/cmTryCompileExec2725166098.dir/link.txt --verbose=1
/usr/bin/cc       CMakeFiles/cmTryCompileExec2725166098.dir/CheckSymbolExists.c.o  -o cmTryCompileExec2725166098 -rdynamic 
CMakeFiles/cmTryCompileExec2725166098.dir/CheckSymbolExists.c.o: dans la fonction « main »:
CheckSymbolExists.c:(.text+0x16): référence indéfinie vers « pthread_create »
collect2: error: ld returned 1 exit status
CMakeFiles/cmTryCompileExec2725166098.dir/build.make:88: recipe for target 'cmTryCompileExec2725166098' failed
make[1]: *** [cmTryCompileExec2725166098] Error 1
make[1]: Leaving directory '/home/aleqsandr/Bureau/DungeonMaster/build/CMakeFiles/CMakeTmp'
Makefile:117: recipe for target 'cmTryCompileExec2725166098/fast' failed
make: *** [cmTryCompileExec2725166098/fast] Error 2

File /home/aleqsandr/Bureau/DungeonMaster/build/CMakeFiles/CMakeTmp/CheckSymbolExists.c:
/* */
#include <pthread.h>

int main(int argc, char** argv)
{
  (void)argv;
#ifndef pthread_create
  return ((int*)(&pthread_create))[argc];
#else
  (void)argc;
  return 0;
#endif
}

Determining if the function pthread_create exists in the pthreads failed with the following output:
Change Dir: /home/aleqsandr/Bureau/DungeonMaster/build/CMakeFiles/CMakeTmp

Run Build Command:"/usr/bin/make" "cmTryCompileExec1602198499/fast"
/usr/bin/make -f CMakeFiles/cmTryCompileExec1602198499.dir/build.make CMakeFiles/cmTryCompileExec1602198499.dir/build
make[1]: Entering directory '/home/aleqsandr/Bureau/DungeonMaster/build/CMakeFiles/CMakeTmp'
/usr/bin/cmake -E cmake_progress_report /home/aleqsandr/Bureau/DungeonMaster/build/CMakeFiles/CMakeTmp/CMakeFiles 1
Building C object CMakeFiles/cmTryCompileExec1602198499.dir/CheckFunctionExists.c.o
/usr/bin/cc   -DCHECK_FUNCTION_EXISTS=pthread_create   -o CMakeFiles/cmTryCompileExec1602198499.dir/CheckFunctionExists.c.o   -c /usr/share/cmake-3.2/Modules/CheckFunctionExists.c
Linking C executable cmTryCompileExec1602198499
/usr/bin/cmake -E cmake_link_script CMakeFiles/cmTryCompileExec1602198499.dir/link.txt --verbose=1
/usr/bin/cc   -DCHECK_FUNCTION_EXISTS=pthread_create    CMakeFiles/cmTryCompileExec1602198499.dir/CheckFunctionExists.c.o  -o cmTryCompileExec1602198499 -rdynamic -lpthreads 
/usr/bin/ld: ne peut trouver -lpthreads
collect2: error: ld returned 1 exit status
CMakeFiles/cmTryCompileExec1602198499.dir/build.make:88: recipe for target 'cmTryCompileExec1602198499' failed
make[1]: Leaving directory '/home/aleqsandr/Bureau/DungeonMaster/build/CMakeFiles/CMakeTmp'
make[1]: *** [cmTryCompileExec1602198499] Error 1
Makefile:117: recipe for target 'cmTryCompileExec1602198499/fast' failed
make: *** [cmTryCompileExec1602198499/fast] Error 2


